[25-Feb-2015 11:28:16 America/Sao_Paulo] PHP Fatal error:  Uncaught exception 'RuntimeException' with message 'Unable to load ZF2. Run `php composer.phar install` or define a ZF2_PATH environment variable.' in /home/ubuntu/workspace/htdocs/desenvolvimento/init_autoloader.php:55
Stack trace:
#0 /home/ubuntu/workspace/htdocs/desenvolvimento/public/index.php(26): require()
#1 {main}
  thrown in /home/ubuntu/workspace/htdocs/desenvolvimento/init_autoloader.php on line 55
[25-Feb-2015 11:29:48 America/Sao_Paulo] PHP Fatal error:  Uncaught exception 'RuntimeException' with message 'Unable to load ZF2. Run `php composer.phar install` or define a ZF2_PATH environment variable.' in /home/ubuntu/workspace/htdocs/desenvolvimento/init_autoloader.php:55
Stack trace:
#0 /home/ubuntu/workspace/htdocs/desenvolvimento/public/index.php(26): require()
#1 {main}
  thrown in /home/ubuntu/workspace/htdocs/desenvolvimento/init_autoloader.php on line 55
[25-Feb-2015 11:30:09 America/Sao_Paulo] PHP Fatal error:  Uncaught exception 'RuntimeException' with message 'Unable to load ZF2. Run `php composer.phar install` or define a ZF2_PATH environment variable.' in /home/ubuntu/workspace/htdocs/desenvolvimento/init_autoloader.php:55
Stack trace:
#0 /home/ubuntu/workspace/htdocs/desenvolvimento/public/index.php(26): require()
#1 {main}
  thrown in /home/ubuntu/workspace/htdocs/desenvolvimento/init_autoloader.php on line 55
[26-Feb-2015 15:02:42 America/Sao_Paulo] PHP Catchable fatal error:  Argument 1 passed to Compracerta\Controller\HomeController::__construct() must be an instance of Zend\Authentication\AuthenticationService, none given, called in /home/ubuntu/workspace/htdocs/vendor/ZF2/Zend/ServiceManager/AbstractPluginManager.php on line 170 and defined in /home/ubuntu/workspace/htdocs/desenvolvimento/module/Compracerta/src/Compracerta/Controller/HomeController.php on line 24
[26-Feb-2015 15:04:47 America/Sao_Paulo] PHP Catchable fatal error:  Argument 1 passed to Compracerta\Controller\HomeController::__construct() must be an instance of Zend\Authentication\AuthenticationService, none given, called in /home/ubuntu/workspace/htdocs/vendor/ZF2/Zend/ServiceManager/AbstractPluginManager.php on line 170 and defined in /home/ubuntu/workspace/htdocs/desenvolvimento/module/Compracerta/src/Compracerta/Controller/HomeController.php on line 24
[26-Feb-2015 15:10:22 America/Sao_Paulo] PHP Catchable fatal error:  Argument 1 passed to Compracerta\Controller\HomeController::__construct() must be an instance of Zend\Authentication\AuthenticationService, none given, called in /home/ubuntu/workspace/htdocs/vendor/ZF2/Zend/ServiceManager/AbstractPluginManager.php on line 170 and defined in /home/ubuntu/workspace/htdocs/desenvolvimento/module/Compracerta/src/Compracerta/Controller/HomeController.php on line 24
[26-Feb-2015 15:12:35 America/Sao_Paulo] PHP Catchable fatal error:  Argument 1 passed to Compracerta\Controller\HomeController::__construct() must be an instance of Zend\Authentication\AuthenticationService, none given, called in /home/ubuntu/workspace/htdocs/vendor/ZF2/Zend/ServiceManager/AbstractPluginManager.php on line 170 and defined in /home/ubuntu/workspace/htdocs/desenvolvimento/module/Compracerta/src/Compracerta/Controller/HomeController.php on line 24
[26-Feb-2015 15:13:02 America/Sao_Paulo] PHP Catchable fatal error:  Argument 1 passed to Compracerta\Controller\HomeController::__construct() must be an instance of Zend\Authentication\AuthenticationService, none given, called in /home/ubuntu/workspace/htdocs/vendor/ZF2/Zend/ServiceManager/AbstractPluginManager.php on line 170 and defined in /home/ubuntu/workspace/htdocs/desenvolvimento/module/Compracerta/src/Compracerta/Controller/HomeController.php on line 24
[26-Feb-2015 15:14:06 America/Sao_Paulo] PHP Catchable fatal error:  Argument 1 passed to Compracerta\Controller\HomeController::__construct() must be an instance of Zend\Authentication\AuthenticationService, none given, called in /home/ubuntu/workspace/htdocs/vendor/ZF2/Zend/ServiceManager/AbstractPluginManager.php on line 170 and defined in /home/ubuntu/workspace/htdocs/desenvolvimento/module/Compracerta/src/Compracerta/Controller/HomeController.php on line 24
[26-Feb-2015 15:27:07 America/Sao_Paulo] PHP Notice:  Use of undefined constant auth - assumed 'auth' in /home/ubuntu/workspace/htdocs/desenvolvimento/module/Compracerta/config/module.config.php on line 37
[26-Feb-2015 15:27:09 America/Sao_Paulo] PHP Notice:  Use of undefined constant auth - assumed 'auth' in /home/ubuntu/workspace/htdocs/desenvolvimento/module/Compracerta/config/module.config.php on line 37
[26-Feb-2015 15:27:09 America/Sao_Paulo] PHP Notice:  Use of undefined constant auth - assumed 'auth' in /home/ubuntu/workspace/htdocs/desenvolvimento/module/Compracerta/config/module.config.php on line 37
[26-Feb-2015 15:27:09 America/Sao_Paulo] PHP Notice:  Use of undefined constant auth - assumed 'auth' in /home/ubuntu/workspace/htdocs/desenvolvimento/module/Compracerta/config/module.config.php on line 37
[26-Feb-2015 15:27:09 America/Sao_Paulo] PHP Notice:  Use of undefined constant auth - assumed 'auth' in /home/ubuntu/workspace/htdocs/desenvolvimento/module/Compracerta/config/module.config.php on line 37
[26-Feb-2015 15:27:09 America/Sao_Paulo] PHP Notice:  Use of undefined constant auth - assumed 'auth' in /home/ubuntu/workspace/htdocs/desenvolvimento/module/Compracerta/config/module.config.php on line 37
[26-Feb-2015 15:27:21 America/Sao_Paulo] PHP Notice:  Use of undefined constant auth - assumed 'auth' in /home/ubuntu/workspace/htdocs/desenvolvimento/module/Compracerta/config/module.config.php on line 37
[26-Feb-2015 15:27:22 America/Sao_Paulo] PHP Notice:  Use of undefined constant auth - assumed 'auth' in /home/ubuntu/workspace/htdocs/desenvolvimento/module/Compracerta/config/module.config.php on line 37
[26-Feb-2015 15:27:23 America/Sao_Paulo] PHP Notice:  Use of undefined constant auth - assumed 'auth' in /home/ubuntu/workspace/htdocs/desenvolvimento/module/Compracerta/config/module.config.php on line 37
[26-Feb-2015 15:27:23 America/Sao_Paulo] PHP Notice:  Use of undefined constant auth - assumed 'auth' in /home/ubuntu/workspace/htdocs/desenvolvimento/module/Compracerta/config/module.config.php on line 37
[26-Feb-2015 15:27:23 America/Sao_Paulo] PHP Notice:  Use of undefined constant auth - assumed 'auth' in /home/ubuntu/workspace/htdocs/desenvolvimento/module/Compracerta/config/module.config.php on line 37
[26-Feb-2015 15:27:23 America/Sao_Paulo] PHP Notice:  Use of undefined constant auth - assumed 'auth' in /home/ubuntu/workspace/htdocs/desenvolvimento/module/Compracerta/config/module.config.php on line 37
[26-Feb-2015 15:33:33 America/Sao_Paulo] PHP Catchable fatal error:  Argument 1 passed to Compracerta\Controller\AuthController::__construct() must be an instance of Zend\Authentication\AuthenticationService, none given, called in /home/ubuntu/workspace/htdocs/vendor/ZF2/Zend/ServiceManager/AbstractPluginManager.php on line 170 and defined in /home/ubuntu/workspace/htdocs/desenvolvimento/module/Compracerta/src/Compracerta/Controller/AuthController.php on line 14
[26-Feb-2015 16:05:40 America/Sao_Paulo] PHP Parse error:  syntax error, unexpected '?>' in /home/ubuntu/workspace/htdocs/desenvolvimento/module/Compracerta/view/compracerta/home/index.phtml on line 16
[26-Feb-2015 16:34:25 America/Sao_Paulo] PHP Fatal error:  Class 'SanAuth\Model\MyAuthStorage' not found in /home/ubuntu/workspace/htdocs/desenvolvimento/module/Compracerta/Module.php on line 65
[26-Feb-2015 18:32:55 America/Sao_Paulo] PHP Parse error:  syntax error, unexpected 'exit' (T_EXIT), expecting ',' or ';' in /home/ubuntu/workspace/htdocs/desenvolvimento/module/Compracerta/src/Compracerta/Controller/HomeController.php on line 30
[26-Feb-2015 18:43:03 America/Sao_Paulo] PHP Parse error:  syntax error, unexpected 'is_array' (T_STRING), expecting '(' in /home/ubuntu/workspace/htdocs/desenvolvimento/module/Compracerta/view/compracerta/home/index.phtml on line 12
[26-Feb-2015 18:44:27 America/Sao_Paulo] PHP Parse error:  syntax error, unexpected 'foreach' (T_FOREACH), expecting ',' or ';' in /home/ubuntu/workspace/htdocs/desenvolvimento/module/Compracerta/view/compracerta/home/index.phtml on line 15
[26-Feb-2015 21:30:52 America/Sao_Paulo] PHP Parse error:  syntax error, unexpected ';', expecting ')' in /home/ubuntu/workspace/htdocs/desenvolvimento/module/Compracerta/config/module.config.php on line 150
[26-Feb-2015 21:30:57 America/Sao_Paulo] PHP Parse error:  syntax error, unexpected ';', expecting ')' in /home/ubuntu/workspace/htdocs/desenvolvimento/module/Compracerta/config/module.config.php on line 150
[26-Feb-2015 21:31:01 America/Sao_Paulo] PHP Parse error:  syntax error, unexpected ';', expecting ')' in /home/ubuntu/workspace/htdocs/desenvolvimento/module/Compracerta/config/module.config.php on line 150
[26-Feb-2015 21:31:13 America/Sao_Paulo] PHP Parse error:  syntax error, unexpected ';', expecting ')' in /home/ubuntu/workspace/htdocs/desenvolvimento/module/Compracerta/config/module.config.php on line 150
[26-Feb-2015 21:45:17 America/Sao_Paulo] PHP Parse error:  syntax error, unexpected '->' (T_OBJECT_OPERATOR) in /home/ubuntu/workspace/htdocs/desenvolvimento/module/Compracerta/src/Compracerta/Controller/HomeController.php on line 108
[26-Feb-2015 22:05:38 America/Sao_Paulo] PHP Parse error:  syntax error, unexpected '->' (T_OBJECT_OPERATOR) in /home/ubuntu/workspace/htdocs/desenvolvimento/module/Compracerta/src/Compracerta/Controller/HomeController.php on line 107
[26-Feb-2015 22:25:57 America/Sao_Paulo] PHP Parse error:  syntax error, unexpected 'exit' (T_EXIT), expecting ',' or ';' in /home/ubuntu/workspace/htdocs/desenvolvimento/module/Compracerta/src/Compracerta/Controller/HomeController.php on line 59
[26-Feb-2015 22:25:59 America/Sao_Paulo] PHP Parse error:  syntax error, unexpected 'exit' (T_EXIT), expecting ',' or ';' in /home/ubuntu/workspace/htdocs/desenvolvimento/module/Compracerta/src/Compracerta/Controller/HomeController.php on line 59
[26-Feb-2015 22:26:00 America/Sao_Paulo] PHP Parse error:  syntax error, unexpected 'exit' (T_EXIT), expecting ',' or ';' in /home/ubuntu/workspace/htdocs/desenvolvimento/module/Compracerta/src/Compracerta/Controller/HomeController.php on line 59
[26-Feb-2015 22:26:00 America/Sao_Paulo] PHP Parse error:  syntax error, unexpected 'exit' (T_EXIT), expecting ',' or ';' in /home/ubuntu/workspace/htdocs/desenvolvimento/module/Compracerta/src/Compracerta/Controller/HomeController.php on line 59
[26-Feb-2015 22:26:14 America/Sao_Paulo] PHP Parse error:  syntax error, unexpected 'exit' (T_EXIT), expecting ',' or ';' in /home/ubuntu/workspace/htdocs/desenvolvimento/module/Compracerta/src/Compracerta/Controller/HomeController.php on line 59
[26-Feb-2015 22:26:15 America/Sao_Paulo] PHP Parse error:  syntax error, unexpected 'exit' (T_EXIT), expecting ',' or ';' in /home/ubuntu/workspace/htdocs/desenvolvimento/module/Compracerta/src/Compracerta/Controller/HomeController.php on line 59
[26-Feb-2015 22:42:01 America/Sao_Paulo] PHP Fatal error:  Class 'Compracerta\Controller\ViewModel' not found in /home/ubuntu/workspace/htdocs/desenvolvimento/module/Compracerta/src/Compracerta/Controller/AreatrabalhoController.php on line 23
[26-Feb-2015 22:43:38 America/Sao_Paulo] PHP Parse error:  syntax error, unexpected 'class' (T_CLASS), expecting ',' or ';' in /home/ubuntu/workspace/htdocs/desenvolvimento/module/Compracerta/src/Compracerta/Controller/AreatrabalhoController.php on line 20
[26-Feb-2015 22:59:41 America/Sao_Paulo] PHP Parse error:  syntax error, unexpected '=>' (T_DOUBLE_ARROW) in /home/ubuntu/workspace/htdocs/desenvolvimento/module/Compracerta/src/Compracerta/Controller/HomeController.php on line 46
[26-Feb-2015 23:00:04 America/Sao_Paulo] PHP Parse error:  syntax error, unexpected '=>' (T_DOUBLE_ARROW) in /home/ubuntu/workspace/htdocs/desenvolvimento/module/Compracerta/src/Compracerta/Controller/HomeController.php on line 46
[27-Feb-2015 16:21:11 America/Sao_Paulo] PHP Parse error:  syntax error, unexpected '+', expecting ';' or '{' in /home/ubuntu/workspace/htdocs/desenvolvimento/module/Compracerta/Module.php on line 42
[27-Feb-2015 16:24:01 America/Sao_Paulo] PHP Fatal error:  Call to undefined method Compracerta\Module::isOpenRequest() in /home/ubuntu/workspace/htdocs/desenvolvimento/module/Compracerta/Module.php on line 44
[27-Feb-2015 16:26:11 America/Sao_Paulo] PHP Fatal error:  Call to undefined method Compracerta\Storage\AuthStorage::getSessionManager() in /home/ubuntu/workspace/htdocs/desenvolvimento/module/Compracerta/Module.php on line 55
[27-Feb-2015 16:36:07 America/Sao_Paulo] PHP Fatal error:  Uncaught exception 'Zend\Stdlib\Exception\InvalidCallbackException' with message 'Invalid callback provided; not callable' in /home/ubuntu/workspace/htdocs/vendor/ZF2/Zend/Stdlib/CallbackHandler.php:62
Stack trace:
#0 /home/ubuntu/workspace/htdocs/vendor/ZF2/Zend/Stdlib/CallbackHandler.php(49): Zend\Stdlib\CallbackHandler->registerCallback(Array)
#1 /home/ubuntu/workspace/htdocs/vendor/ZF2/Zend/EventManager/EventManager.php(305): Zend\Stdlib\CallbackHandler->__construct(Array, Array)
#2 /home/ubuntu/workspace/htdocs/desenvolvimento/module/Compracerta/Module.php(37): Zend\EventManager\EventManager->attach('route', Array)
#3 [internal function]: Compracerta\Module->onBootstrap(Object(Zend\Mvc\MvcEvent))
#4 /home/ubuntu/workspace/htdocs/vendor/ZF2/Zend/EventManager/EventManager.php(468): call_user_func(Array, Object(Zend\Mvc\MvcEvent))
#5 /home/ubuntu/workspace/htdocs/vendor/ZF2/Zend/EventManager/EventManager.php(207): Zend\EventManager\EventManager->triggerListeners('bootstrap', Object(Zend\Mvc\MvcEvent), Array in /home/ubuntu/workspace/htdocs/vendor/ZF2/Zend/Stdlib/CallbackHandler.php on line 62
[27-Feb-2015 16:36:27 America/Sao_Paulo] PHP Fatal error:  Uncaught exception 'Zend\Stdlib\Exception\InvalidCallbackException' with message 'Invalid callback provided; not callable' in /home/ubuntu/workspace/htdocs/vendor/ZF2/Zend/Stdlib/CallbackHandler.php:62
Stack trace:
#0 /home/ubuntu/workspace/htdocs/vendor/ZF2/Zend/Stdlib/CallbackHandler.php(49): Zend\Stdlib\CallbackHandler->registerCallback(Array)
#1 /home/ubuntu/workspace/htdocs/vendor/ZF2/Zend/EventManager/EventManager.php(305): Zend\Stdlib\CallbackHandler->__construct(Array, Array)
#2 /home/ubuntu/workspace/htdocs/desenvolvimento/module/Compracerta/Module.php(37): Zend\EventManager\EventManager->attach('route', Array)
#3 [internal function]: Compracerta\Module->onBootstrap(Object(Zend\Mvc\MvcEvent))
#4 /home/ubuntu/workspace/htdocs/vendor/ZF2/Zend/EventManager/EventManager.php(468): call_user_func(Array, Object(Zend\Mvc\MvcEvent))
#5 /home/ubuntu/workspace/htdocs/vendor/ZF2/Zend/EventManager/EventManager.php(207): Zend\EventManager\EventManager->triggerListeners('bootstrap', Object(Zend\Mvc\MvcEvent), Array in /home/ubuntu/workspace/htdocs/vendor/ZF2/Zend/Stdlib/CallbackHandler.php on line 62
[27-Feb-2015 16:38:44 America/Sao_Paulo] PHP Notice:  Undefined variable: request in /home/ubuntu/workspace/htdocs/desenvolvimento/module/Compracerta/src/Compracerta/Controller/HomeController.php on line 60
[27-Feb-2015 16:38:44 America/Sao_Paulo] PHP Fatal error:  Call to a member function getPost() on a non-object in /home/ubuntu/workspace/htdocs/desenvolvimento/module/Compracerta/src/Compracerta/Controller/HomeController.php on line 60
[13-Mar-2015 13:17:02 America/Sao_Paulo] PHP Parse error:  syntax error, unexpected '->' (T_OBJECT_OPERATOR) in /home/ubuntu/workspace/htdocs/desenvolvimento/module/Compracerta/view/layout/sistema.phtml on line 24
[13-Mar-2015 13:34:09 America/Sao_Paulo] PHP Parse error:  syntax error, unexpected '->' (T_OBJECT_OPERATOR) in /home/ubuntu/workspace/htdocs/desenvolvimento/module/Compracerta/view/layout/sistema.phtml on line 27
[13-Mar-2015 16:03:53 America/Sao_Paulo] PHP Notice:  Undefined property: Compracerta\Controller\CadastroprodutoController::$Consultahtml in /home/ubuntu/workspace/htdocs/desenvolvimento/module/Compracerta/src/Compracerta/Controller/CadastroprodutoController.php on line 28
[13-Mar-2015 16:03:53 America/Sao_Paulo] PHP Fatal error:  Call to a member function conexaoCurl() on a non-object in /home/ubuntu/workspace/htdocs/desenvolvimento/module/Compracerta/src/Compracerta/Controller/CadastroprodutoController.php on line 28
[13-Mar-2015 16:04:49 America/Sao_Paulo] PHP Notice:  Undefined property: Compracerta\Controller\CadastroprodutoController::$Consultahtml in /home/ubuntu/workspace/htdocs/desenvolvimento/module/Compracerta/src/Compracerta/Controller/CadastroprodutoController.php on line 28
[13-Mar-2015 16:04:49 America/Sao_Paulo] PHP Fatal error:  Call to a member function conexaoCurl() on a non-object in /home/ubuntu/workspace/htdocs/desenvolvimento/module/Compracerta/src/Compracerta/Controller/CadastroprodutoController.php on line 28
[13-Mar-2015 16:05:47 America/Sao_Paulo] PHP Notice:  Undefined property: Compracerta\Controller\Plugin\Consultahtml::$cookie in /home/ubuntu/workspace/htdocs/desenvolvimento/module/Compracerta/src/Compracerta/Controller/Plugin/Consultahtml.php on line 17
[13-Mar-2015 16:05:47 America/Sao_Paulo] PHP Notice:  Undefined property: Compracerta\Controller\Plugin\Consultahtml::$cookie in /home/ubuntu/workspace/htdocs/desenvolvimento/module/Compracerta/src/Compracerta/Controller/Plugin/Consultahtml.php on line 18
[13-Mar-2015 16:05:49 America/Sao_Paulo] PHP Notice:  Undefined property: Compracerta\Controller\CadastroprodutoController::$Consultahtml in /home/ubuntu/workspace/htdocs/desenvolvimento/module/Compracerta/src/Compracerta/Controller/CadastroprodutoController.php on line 30
[13-Mar-2015 16:05:49 America/Sao_Paulo] PHP Fatal error:  Call to a member function percorre_html() on a non-object in /home/ubuntu/workspace/htdocs/desenvolvimento/module/Compracerta/src/Compracerta/Controller/CadastroprodutoController.php on line 30
[13-Mar-2015 16:06:32 America/Sao_Paulo] PHP Notice:  Undefined property: Compracerta\Controller\CadastroprodutoController::$Consultahtml in /home/ubuntu/workspace/htdocs/desenvolvimento/module/Compracerta/src/Compracerta/Controller/CadastroprodutoController.php on line 30
[13-Mar-2015 16:06:32 America/Sao_Paulo] PHP Fatal error:  Call to a member function percorre_html() on a non-object in /home/ubuntu/workspace/htdocs/desenvolvimento/module/Compracerta/src/Compracerta/Controller/CadastroprodutoController.php on line 30
[13-Mar-2015 16:06:56 America/Sao_Paulo] PHP Notice:  Undefined variable: open in /home/ubuntu/workspace/htdocs/desenvolvimento/module/Compracerta/src/Compracerta/Controller/CadastroprodutoController.php on line 44
[13-Mar-2015 18:52:04 America/Sao_Paulo] PHP Notice:  Uninitialized string offset: 0 in /home/ubuntu/workspace/htdocs/desenvolvimento/module/Compracerta/src/Compracerta/Controller/CadastroprodutoController.php on line 44
[13-Mar-2015 18:52:04 America/Sao_Paulo] PHP Notice:  Uninitialized string offset: 1 in /home/ubuntu/workspace/htdocs/desenvolvimento/module/Compracerta/src/Compracerta/Controller/CadastroprodutoController.php on line 45
[13-Mar-2015 18:52:04 America/Sao_Paulo] PHP Notice:  Uninitialized string offset: 1 in /home/ubuntu/workspace/htdocs/desenvolvimento/module/Compracerta/src/Compracerta/Controller/CadastroprodutoController.php on line 46
[13-Mar-2015 18:52:04 America/Sao_Paulo] PHP Notice:  Uninitialized string offset: 1 in /home/ubuntu/workspace/htdocs/desenvolvimento/module/Compracerta/src/Compracerta/Controller/CadastroprodutoController.php on line 47
[13-Mar-2015 18:52:04 America/Sao_Paulo] PHP Notice:  Uninitialized string offset: 1 in /home/ubuntu/workspace/htdocs/desenvolvimento/module/Compracerta/src/Compracerta/Controller/CadastroprodutoController.php on line 48
[13-Mar-2015 18:53:21 America/Sao_Paulo] PHP Notice:  Undefined variable: ch in /home/ubuntu/workspace/htdocs/desenvolvimento/module/Compracerta/src/Compracerta/Controller/Plugin/Consultahtml.php on line 17
[13-Mar-2015 18:53:21 America/Sao_Paulo] PHP Warning:  curl_setopt() expects parameter 1 to be resource, null given in /home/ubuntu/workspace/htdocs/desenvolvimento/module/Compracerta/src/Compracerta/Controller/Plugin/Consultahtml.php on line 17
[13-Mar-2015 18:53:21 America/Sao_Paulo] PHP Notice:  Undefined variable: ch in /home/ubuntu/workspace/htdocs/desenvolvimento/module/Compracerta/src/Compracerta/Controller/Plugin/Consultahtml.php on line 18
[13-Mar-2015 18:53:21 America/Sao_Paulo] PHP Warning:  curl_setopt() expects parameter 1 to be resource, null given in /home/ubuntu/workspace/htdocs/desenvolvimento/module/Compracerta/src/Compracerta/Controller/Plugin/Consultahtml.php on line 18
[13-Mar-2015 19:20:15 America/Sao_Paulo] PHP Parse error:  syntax error, unexpected 'exit' (T_EXIT), expecting ',' or ';' in /home/ubuntu/workspace/htdocs/desenvolvimento/module/Compracerta/src/Compracerta/Controller/CadastroprodutoController.php on line 59
[13-Mar-2015 23:55:26 America/Sao_Paulo] PHP Parse error:  syntax error, unexpected ''texto'' (T_CONSTANT_ENCAPSED_STRING), expecting ')' in /home/ubuntu/workspace/htdocs/desenvolvimento/config/autoload/global.php on line 31
[13-Mar-2015 23:56:01 America/Sao_Paulo] PHP Parse error:  syntax error, unexpected '}' in /home/ubuntu/workspace/htdocs/desenvolvimento/config/autoload/global.php on line 37
[13-Mar-2015 23:56:47 America/Sao_Paulo] PHP Parse error:  syntax error, unexpected 'echo' (T_ECHO) in /home/ubuntu/workspace/htdocs/desenvolvimento/module/Compracerta/src/Compracerta/Controller/CadastroprodutoController.php on line 94
[14-Mar-2015 00:06:57 America/Sao_Paulo] PHP Fatal error:  Call to undefined method Compracerta\Controller\Plugin\Consultahtml::getData() in /home/ubuntu/workspace/htdocs/desenvolvimento/module/Compracerta/src/Compracerta/Controller/CadastroprodutoController.php on line 94
[14-Mar-2015 00:24:06 America/Sao_Paulo] PHP Notice:  Array to string conversion in /home/ubuntu/workspace/htdocs/desenvolvimento/module/Compracerta/src/Compracerta/Controller/CadastroprodutoController.php on line 94
[14-Mar-2015 00:29:28 America/Sao_Paulo] PHP Notice:  Uninitialized string offset: 0 in /home/ubuntu/workspace/htdocs/desenvolvimento/module/Compracerta/src/Compracerta/Controller/CadastroprodutoController.php on line 95
[14-Mar-2015 00:29:52 America/Sao_Paulo] PHP Notice:  Uninitialized string offset: 1 in /home/ubuntu/workspace/htdocs/desenvolvimento/module/Compracerta/src/Compracerta/Controller/CadastroprodutoController.php on line 95
[14-Mar-2015 00:30:10 America/Sao_Paulo] PHP Notice:  Uninitialized string offset: 0 in /home/ubuntu/workspace/htdocs/desenvolvimento/module/Compracerta/src/Compracerta/Controller/CadastroprodutoController.php on line 95
[14-Mar-2015 00:30:51 America/Sao_Paulo] PHP Notice:  Uninitialized string offset: 0 in /home/ubuntu/workspace/htdocs/desenvolvimento/module/Compracerta/src/Compracerta/Controller/CadastroprodutoController.php on line 98
[14-Mar-2015 00:31:18 America/Sao_Paulo] PHP Notice:  Uninitialized string offset: 0 in /home/ubuntu/workspace/htdocs/desenvolvimento/module/Compracerta/src/Compracerta/Controller/CadastroprodutoController.php on line 98
[14-Mar-2015 00:32:36 America/Sao_Paulo] PHP Notice:  Uninitialized string offset: 0 in /home/ubuntu/workspace/htdocs/desenvolvimento/module/Compracerta/src/Compracerta/Controller/CadastroprodutoController.php on line 98
[14-Mar-2015 00:35:33 America/Sao_Paulo] PHP Notice:  Undefined offset: 1 in /home/ubuntu/workspace/htdocs/desenvolvimento/module/Compracerta/src/Compracerta/Controller/CadastroprodutoController.php on line 94
[14-Mar-2015 00:36:08 America/Sao_Paulo] PHP Notice:  Undefined offset: 1 in /home/ubuntu/workspace/htdocs/desenvolvimento/module/Compracerta/src/Compracerta/Controller/CadastroprodutoController.php on line 94
[14-Mar-2015 00:37:40 America/Sao_Paulo] PHP Notice:  Undefined offset: 2 in /home/ubuntu/workspace/htdocs/desenvolvimento/module/Compracerta/src/Compracerta/Controller/CadastroprodutoController.php on line 94
[14-Mar-2015 00:38:48 America/Sao_Paulo] PHP Notice:  Uninitialized string offset: 0 in /home/ubuntu/workspace/htdocs/desenvolvimento/module/Compracerta/src/Compracerta/Controller/CadastroprodutoController.php on line 94
[14-Mar-2015 00:44:06 America/Sao_Paulo] PHP Notice:  Uninitialized string offset: 0 in /home/ubuntu/workspace/htdocs/desenvolvimento/module/Compracerta/src/Compracerta/Controller/CadastroprodutoController.php on line 95
[14-Mar-2015 00:46:42 America/Sao_Paulo] PHP Notice:  Undefined offset: 2 in /home/ubuntu/workspace/htdocs/desenvolvimento/module/Compracerta/src/Compracerta/Controller/CadastroprodutoController.php on line 95
[14-Mar-2015 00:49:37 America/Sao_Paulo] PHP Parse error:  syntax error, unexpected '$this' (T_VARIABLE) in /home/ubuntu/workspace/htdocs/desenvolvimento/module/Compracerta/src/Compracerta/Controller/CadastroprodutoController.php on line 97
[14-Mar-2015 00:51:56 America/Sao_Paulo] PHP Warning:  explode() expects parameter 2 to be string, array given in /home/ubuntu/workspace/htdocs/desenvolvimento/module/Compracerta/src/Compracerta/Controller/CadastroprodutoController.php on line 95
[14-Mar-2015 00:52:29 America/Sao_Paulo] PHP Notice:  Array to string conversion in /home/ubuntu/workspace/htdocs/desenvolvimento/module/Compracerta/src/Compracerta/Controller/CadastroprodutoController.php on line 97
[14-Mar-2015 01:00:53 America/Sao_Paulo] PHP Fatal error:  Call to undefined method Compracerta\Controller\Plugin\Consultahtml::Consultahtml() in /home/ubuntu/workspace/htdocs/desenvolvimento/module/Compracerta/src/Compracerta/Controller/Plugin/Consultahtml.php on line 53
[14-Mar-2015 01:04:38 America/Sao_Paulo] PHP Notice:  Undefined variable: ret in /home/ubuntu/workspace/htdocs/desenvolvimento/module/Compracerta/src/Compracerta/Controller/CadastroprodutoController.php on line 94
[14-Mar-2015 01:10:34 America/Sao_Paulo] PHP Deprecated:  preg_replace(): The /e modifier is deprecated, use preg_replace_callback instead in /home/ubuntu/workspace/htdocs/desenvolvimento/module/Compracerta/src/Compracerta/Controller/CadastroprodutoController.php on line 95
[14-Mar-2015 01:11:53 America/Sao_Paulo] PHP Parse error:  syntax error, unexpected '$teste' (T_VARIABLE) in /home/ubuntu/workspace/htdocs/desenvolvimento/module/Compracerta/src/Compracerta/Controller/CadastroprodutoController.php on line 97
[14-Mar-2015 01:14:50 America/Sao_Paulo] PHP Notice:  Undefined variable: ret in /home/ubuntu/workspace/htdocs/desenvolvimento/module/Compracerta/src/Compracerta/Controller/CadastroprodutoController.php on line 95
[14-Mar-2015 01:44:18 America/Sao_Paulo] PHP Parse error:  syntax error, unexpected '}' in /home/ubuntu/workspace/htdocs/desenvolvimento/module/Compracerta/src/Compracerta/Controller/Plugin/Consultahtml.php on line 63
[14-Mar-2015 01:45:35 America/Sao_Paulo] PHP Parse error:  syntax error, unexpected '}' in /home/ubuntu/workspace/htdocs/desenvolvimento/module/Compracerta/src/Compracerta/Controller/Plugin/Consultahtml.php on line 63
[14-Mar-2015 02:54:21 America/Sao_Paulo] PHP Parse error:  syntax error, unexpected '$response' (T_VARIABLE) in /home/ubuntu/workspace/htdocs/desenvolvimento/module/Compracerta/src/Compracerta/Controller/CadastroprodutoController.php on line 126
[14-Mar-2015 02:54:40 America/Sao_Paulo] PHP Parse error:  syntax error, unexpected '->' (T_OBJECT_OPERATOR) in /home/ubuntu/workspace/htdocs/desenvolvimento/module/Compracerta/src/Compracerta/Controller/Plugin/ControllerHelper.php on line 12
[14-Mar-2015 02:55:12 America/Sao_Paulo] PHP Parse error:  syntax error, unexpected '->' (T_OBJECT_OPERATOR) in /home/ubuntu/workspace/htdocs/desenvolvimento/module/Compracerta/src/Compracerta/Controller/Plugin/ControllerHelper.php on line 12
[14-Mar-2015 03:00:13 America/Sao_Paulo] PHP Fatal error:  Call to undefined method Compracerta\Controller\Plugin\ControllerHelper::envia_json() in /home/ubuntu/workspace/htdocs/desenvolvimento/module/Compracerta/src/Compracerta/Controller/CadastroprodutoController.php on line 122
[14-Mar-2015 03:13:32 America/Sao_Paulo] PHP Notice:  Uninitialized string offset: 0 in /home/ubuntu/workspace/htdocs/desenvolvimento/module/Compracerta/src/Compracerta/Controller/Plugin/Consultahtml.php on line 55
[14-Mar-2015 03:13:32 America/Sao_Paulo] PHP Notice:  Undefined offset: 1 in /home/ubuntu/workspace/htdocs/desenvolvimento/module/Compracerta/src/Compracerta/Controller/Plugin/Consultahtml.php on line 57
[14-Mar-2015 03:21:51 America/Sao_Paulo] PHP Fatal error:  Uncaught exception 'Zend\Stdlib\Exception\InvalidCallbackException' with message 'Invalid callback provided; not callable' in /home/ubuntu/workspace/htdocs/vendor/ZF2/Zend/Stdlib/CallbackHandler.php:62
Stack trace:
#0 /home/ubuntu/workspace/htdocs/vendor/ZF2/Zend/Stdlib/CallbackHandler.php(49): Zend\Stdlib\CallbackHandler->registerCallback(Array)
#1 /home/ubuntu/workspace/htdocs/vendor/ZF2/Zend/EventManager/EventManager.php(305): Zend\Stdlib\CallbackHandler->__construct(Array, Array)
#2 /home/ubuntu/workspace/htdocs/desenvolvimento/module/Compracerta/Module.php(37): Zend\EventManager\EventManager->attach('dispatch.error', Array)
#3 [internal function]: Compracerta\Module->onBootstrap(Object(Zend\Mvc\MvcEvent))
#4 /home/ubuntu/workspace/htdocs/vendor/ZF2/Zend/EventManager/EventManager.php(468): call_user_func(Array, Object(Zend\Mvc\MvcEvent))
#5 /home/ubuntu/workspace/htdocs/vendor/ZF2/Zend/EventManager/EventManager.php(207): Zend\EventManager\EventManager->triggerListeners('bootstrap', Object(Zend\Mvc\MvcEven in /home/ubuntu/workspace/htdocs/vendor/ZF2/Zend/Stdlib/CallbackHandler.php on line 62
[14-Mar-2015 11:31:17 America/Sao_Paulo] PHP Notice:  Array to string conversion in /home/ubuntu/workspace/htdocs/desenvolvimento/module/Compracerta/src/Compracerta/Controller/CadastroprodutoController.php on line 117
[14-Mar-2015 11:33:57 America/Sao_Paulo] PHP Notice:  Uninitialized string offset: 0 in /home/ubuntu/workspace/htdocs/desenvolvimento/module/Compracerta/src/Compracerta/Controller/Plugin/Consultahtml.php on line 55
[14-Mar-2015 11:33:57 America/Sao_Paulo] PHP Notice:  Undefined offset: 1 in /home/ubuntu/workspace/htdocs/desenvolvimento/module/Compracerta/src/Compracerta/Controller/CadastroprodutoController.php on line 117
[14-Mar-2015 11:48:38 America/Sao_Paulo] PHP Notice:  Uninitialized string offset: 1 in /home/ubuntu/workspace/htdocs/desenvolvimento/module/Compracerta/src/Compracerta/Controller/CadastroprodutoController.php on line 117
